<?xml version="1.0" encoding="UTF-8"?>
<!-- Generated by org.testng.reporters.JUnitXMLReporter -->
<testsuite ignored="0" hostname="MBPro.local" failures="0" tests="3" name="Default test" time="18.27" errors="0" timestamp="2024-12-19T19:04:21 IST">
  <testcase classname="actualTests.SubmitOrderTest" name="submitOrder" time="3.86"/>
  <testcase classname="actualTests.SubmitOrderTest" name="submitOrder" time="3.734"/>
  <testcase classname="actualTests.SubmitOrderTest" name="OrderHistory" time="0.388"/>
</testsuite> <!-- Default test -->
