<?xml version="1.0" encoding="UTF-8"?>
<!-- Generated by org.testng.reporters.JUnitXMLReporter -->
<testsuite ignored="0" hostname="MBPro.local" failures="0" tests="3" name="SubmitOrder Test" time="16.126" errors="0" timestamp="2024-12-20T17:49:25 IST">
  <testcase classname="actualTests.SubmitOrderTest" name="submitOrder" time="3.699"/>
  <testcase classname="actualTests.SubmitOrderTest" name="submitOrder" time="3.764"/>
  <testcase classname="actualTests.SubmitOrderTest" name="OrderHistory" time="0.403"/>
</testsuite> <!-- SubmitOrder Test -->
