<?xml version="1.0" encoding="UTF-8"?>
<!-- Generated by org.testng.reporters.JUnitXMLReporter -->
<testsuite ignored="0" hostname="MBPro.local" failures="1" tests="3" name="ErrorValidation Test" time="13.692" errors="0" timestamp="2024-12-20T22:00:31 IST">
  <testcase classname="actualTests.ErrorvalidationsTest" name="errorValidationTest" time="3.425">
    <skipped/>
  </testcase> <!-- errorValidationTest -->
  <testcase classname="actualTests.ErrorvalidationsTest" name="errorValidationTest" time="3.007">
    <failure type="java.lang.AssertionError" message="expected [true] but found [false]">
      <![CDATA[java.lang.AssertionError: expected [true] but found [false]
at actualTests.ErrorvalidationsTest.errorValidationTest(ErrorvalidationsTest.java:27)
at java.base/java.util.ArrayList.forEach(ArrayList.java:1596)
... Removed 33 stack frames]]>
    </failure>
  </testcase> <!-- errorValidationTest -->
  <testcase classname="actualTests.ErrorvalidationsTest" name="fakeTest" time="0.0"/>
</testsuite> <!-- ErrorValidation Test -->
