<?xml version="1.0" encoding="UTF-8"?>
<!-- Generated by org.testng.reporters.JUnitXMLReporter -->
<testsuite ignored="2" hostname="MBPro.local" failures="0" tests="0" time="0.0" errors="0" timestamp="2024-12-20T23:58:00 IST">
  <testcase classname="actualTests.ErrorvalidationsTest" name="errorValidationTest" time="0.0">
    <ignored/>
  </testcase> <!-- errorValidationTest -->
  <testcase classname="actualTests.ErrorvalidationsTest" name="fakeTest" time="0.0">
    <ignored/>
  </testcase> <!-- fakeTest -->
</testsuite>
