<?xml version="1.0" encoding="UTF-8"?>
<!-- Generated by org.testng.reporters.JUnitXMLReporter -->
<testsuite ignored="1" hostname="MBPro.local" failures="0" tests="2" name="SubmitOrder Test" time="13.376" errors="0" timestamp="2024-12-20T23:58:00 IST">
  <testcase classname="actualTests.SubmitOrderTest" name="submitOrder" time="3.849"/>
  <testcase classname="actualTests.SubmitOrderTest" name="submitOrder" time="3.748"/>
  <testcase classname="actualTests.SubmitOrderTest" name="OrderHistory" time="0.0">
    <ignored/>
  </testcase> <!-- OrderHistory -->
</testsuite> <!-- SubmitOrder Test -->
