<?xml version="1.0" encoding="UTF-8"?>
<!-- Generated by org.testng.reporters.JUnitXMLReporter -->
<testsuite ignored="0" hostname="MBPro.local" failures="0" tests="3" name="SubmitOrder Test" time="15.275" errors="0" timestamp="2024-12-20T22:00:18 IST">
  <testcase classname="actualTests.SubmitOrderTest" name="submitOrder" time="4.25"/>
  <testcase classname="actualTests.SubmitOrderTest" name="submitOrder" time="3.658"/>
  <testcase classname="actualTests.SubmitOrderTest" name="OrderHistory" time="0.422"/>
</testsuite> <!-- SubmitOrder Test -->
