<?xml version="1.0" encoding="UTF-8"?>
<testng-results ignored="0" total="2" passed="2" failed="0" skipped="0">
  <reporter-output>
  </reporter-output>
  <suite started-at="2024-12-20T23:57:47 IST" name="Suite" finished-at="2024-12-20T23:58:00 IST" duration-ms="13400">
    <groups>
      <group name="Purchase">
        <method signature="SubmitOrderTest.submitOrder(java.util.HashMap)[pri:0, instance:actualTests.SubmitOrderTest@12e61fe6]" name="submitOrder" class="actualTests.SubmitOrderTest"/>
      </group> <!-- Purchase -->
    </groups>
    <test started-at="2024-12-20T23:57:47 IST" name="SubmitOrder Test" finished-at="2024-12-20T23:58:00 IST" duration-ms="13376">
      <class name="actualTests.SubmitOrderTest">
        <test-method is-config="true" signature="launchApplication()[pri:0, instance:actualTests.SubmitOrderTest@12e61fe6]" started-at="2024-12-20T23:57:47 IST" name="launchApplication" finished-at="2024-12-20T23:57:51 IST" duration-ms="3814" status="PASS">
          <reporter-output>
          </reporter-output>
        </test-method> <!-- launchApplication -->
        <test-method signature="submitOrder(java.util.HashMap)[pri:0, instance:actualTests.SubmitOrderTest@12e61fe6]" started-at="2024-12-20T23:57:51 IST" name="submitOrder" data-provider="getData" finished-at="2024-12-20T23:57:54 IST" duration-ms="3849" status="PASS">
          <params>
            <param index="0">
              <value>
                <![CDATA[{password=Random@me1, email=random1@gmail.com, productName=ZARA COAT 3}]]>
              </value>
            </param>
          </params>
          <reporter-output>
          </reporter-output>
        </test-method> <!-- submitOrder -->
        <test-method is-config="true" signature="tearDown()[pri:0, instance:actualTests.SubmitOrderTest@12e61fe6]" started-at="2024-12-20T23:57:54 IST" name="tearDown" finished-at="2024-12-20T23:57:55 IST" duration-ms="124" status="PASS">
          <reporter-output>
          </reporter-output>
        </test-method> <!-- tearDown -->
        <test-method is-config="true" signature="launchApplication()[pri:0, instance:actualTests.SubmitOrderTest@12e61fe6]" started-at="2024-12-20T23:57:55 IST" name="launchApplication" finished-at="2024-12-20T23:57:56 IST" duration-ms="1657" status="PASS">
          <reporter-output>
          </reporter-output>
        </test-method> <!-- launchApplication -->
        <test-method signature="submitOrder(java.util.HashMap)[pri:0, instance:actualTests.SubmitOrderTest@12e61fe6]" started-at="2024-12-20T23:57:56 IST" name="submitOrder" data-provider="getData" finished-at="2024-12-20T23:58:00 IST" duration-ms="3748" status="PASS">
          <params>
            <param index="0">
              <value>
                <![CDATA[{password=Random@me0, email=random@email.com, productName=ADIDAS ORIGINAL}]]>
              </value>
            </param>
          </params>
          <reporter-output>
          </reporter-output>
        </test-method> <!-- submitOrder -->
        <test-method is-config="true" signature="tearDown()[pri:0, instance:actualTests.SubmitOrderTest@12e61fe6]" started-at="2024-12-20T23:58:00 IST" name="tearDown" finished-at="2024-12-20T23:58:00 IST" duration-ms="68" status="PASS">
          <reporter-output>
          </reporter-output>
        </test-method> <!-- tearDown -->
      </class> <!-- actualTests.SubmitOrderTest -->
    </test> <!-- SubmitOrder Test -->
    <test started-at="2024-12-20T23:58:00 IST" name="ErrorValidation Test" finished-at="2024-12-20T23:58:00 IST" duration-ms="0">
    </test> <!-- ErrorValidation Test -->
  </suite> <!-- Suite -->
</testng-results>
